Built from '6000.2/staging' branch; Version is '6000.2.3f1 (c7638eb16d91) revision 13067150'; Using compiler version '194234433'; Build Type 'Release'
OS: 'Windows 10  (10.0.19045) 64bit Core' Language: 'en' Physical Memory: 14262 MB
BatchMode: 1, IsHumanControllingUs: 0, StartBugReporterOnCrash: 0, Is64bit: 1
Date: 2025-11-22T17:14:30Z
[Licensing::Module] Trying to connect to existing licensing client channel...
[Licensing::IpcConnector] Successfully connected to: "LicenseClient-CodenameBanana" at "2025-11-22T17:14:30.5934813Z"

COMMAND LINE ARGUMENTS:
C:\Program Files\Unity\Hub\Editor\6000.2.3f1\Editor\Unity.exe
-adb2
-batchMode
-noUpm
-name
AssetImportWorker0
-projectPath
C:/Users/CodenameBanana/Documents/GitHub/CS370_Project_GitHub/CS370
-logFile
Logs/AssetImportWorker0.log
-srvPort
61713
-licensingIpc
LicenseClient-CodenameBanana
-job-worker-count
1
-background-job-worker-count
8
-gc-helper-count
1
-name
AssetImport
Successfully changed project path to: C:/Users/CodenameBanana/Documents/GitHub/CS370_Project_GitHub/CS370
C:/Users/CodenameBanana/Documents/GitHub/CS370_Project_GitHub/CS370
[UnityMemory] Configuration Parameters - Can be set up in boot.config
    "memorysetup-allocator-temp-initial-block-size-main=262144"
    "memorysetup-allocator-temp-initial-block-size-worker=262144"
    "memorysetup-bucket-allocator-granularity=16"
    "memorysetup-bucket-allocator-bucket-count=8"
    "memorysetup-bucket-allocator-block-size=33554432"
    "memorysetup-bucket-allocator-block-count=8"
    "memorysetup-main-allocator-block-size=16777216"
    "memorysetup-thread-allocator-block-size=16777216"
    "memorysetup-gfx-main-allocator-block-size=16777216"
    "memorysetup-gfx-thread-allocator-block-size=16777216"
    "memorysetup-cache-allocator-block-size=4194304"
    "memorysetup-typetree-allocator-block-size=2097152"
    "memorysetup-profiler-bucket-allocator-granularity=16"
    "memorysetup-profiler-bucket-allocator-bucket-count=8"
    "memorysetup-profiler-bucket-allocator-block-size=33554432"
    "memorysetup-profiler-bucket-allocator-block-count=8"
    "memorysetup-profiler-allocator-block-size=16777216"
    "memorysetup-profiler-editor-allocator-block-size=1048576"
    "memorysetup-temp-allocator-size-main=16777216"
    "memorysetup-job-temp-allocator-block-size=2097152"
    "memorysetup-job-temp-allocator-block-size-background=1048576"
    "memorysetup-job-temp-allocator-reduction-small-platforms=262144"
    "memorysetup-temp-allocator-size-background-worker=32768"
    "memorysetup-temp-allocator-size-job-worker=262144"
    "memorysetup-temp-allocator-size-preload-manager=33554432"
    "memorysetup-temp-allocator-size-nav-mesh-worker=65536"
    "memorysetup-temp-allocator-size-audio-worker=65536"
    "memorysetup-temp-allocator-size-cloud-worker=32768"
    "memorysetup-temp-allocator-size-gi-baking-worker=262144"
    "memorysetup-temp-allocator-size-gi-baking-worker=262144"
    "memorysetup-temp-allocator-size-gi-baking-worker=262144"
    "memorysetup-temp-allocator-size-gi-baking-worker=262144"
    "memorysetup-temp-allocator-size-gi-baking-worker=262144"
    "memorysetup-temp-allocator-size-gfx=262144"
Player connection [9624]  Target information:

Player connection [9624]  * "[IP] 192.168.1.46 [Port] 0 [Flags] 2 [Guid] 198293880 [EditorId] 198293880 [Version] 1048832 [Id] WindowsEditor(7,DESKTOP-SIEACH7) [Debug] 1 [PackageName] WindowsEditor [ProjectName] Editor" 

Player connection [9624] Host joined multi-casting on [225.0.0.222:54997]...
Player connection [9624] Host joined alternative multi-casting on [225.0.0.222:34997]...
JobSystem: Creating JobQueue using job-worker-count value 1
Input System module state changed to: Initialized.
[Physics::Module] Initialized fallback backend.
[Physics::Module] Id: 0xdecafbad
Library Redirect Path: Library/
[Physics::Module] Selected backend.
[Physics::Module] Name: PhysX
[Physics::Module] Id: 0xf2b8ea05
[Physics::Module] SDK Version: 4.1.2
[Physics::Module] Integration Version: 1.0.0
[Physics::Module] Threading Mode: Multi-Threaded
Refreshing native plugins compatible for Editor in 109.80 ms, found 2 plugins.
Preloading 0 native plugins for Editor in 0.00 ms.
Initialize engine version: 6000.2.3f1 (c7638eb16d91)
[Subsystems] Discovering subsystems at path C:/Program Files/Unity/Hub/Editor/6000.2.3f1/Editor/Data/Resources/UnitySubsystems
[Subsystems] Discovering subsystems at path C:/Users/CodenameBanana/Documents/GitHub/CS370_Project_GitHub/CS370/Assets
GfxDevice: creating device client; kGfxThreadingModeNonThreaded
Direct3D:
    Version:  Direct3D 11.0 [level 11.1]
    Renderer: NVIDIA GeForce GTX 1660 SUPER (ID=0x21c4)
    Vendor:   NVIDIA
    VRAM:     5966 MB
    Driver:   32.0.15.6094
Initialize mono
Mono path[0] = 'C:/Program Files/Unity/Hub/Editor/6000.2.3f1/Editor/Data/Managed'
Mono path[1] = 'C:/Program Files/Unity/Hub/Editor/6000.2.3f1/Editor/Data/MonoBleedingEdge/lib/mono/unityjit-win32'
Mono config path = 'C:/Program Files/Unity/Hub/Editor/6000.2.3f1/Editor/Data/MonoBleedingEdge/etc'
Using monoOptions --debugger-agent=transport=dt_socket,embedding=1,server=y,suspend=n,address=127.0.0.1:56160
Begin MonoManager ReloadAssembly
Registering precompiled unity dll's ...
Register platform support module: C:/Program Files/Unity/Hub/Editor/6000.2.3f1/Editor/Data/PlaybackEngines/WindowsStandaloneSupport/UnityEditor.WindowsStandalone.Extensions.dll
Registered in 0.004076 seconds.
- Loaded All Assemblies, in  6.166 seconds
Native extension for WindowsStandalone target not found
Mono: successfully reloaded assembly
- Finished resetting the current domain, in  1.800 seconds
Domain Reload Profiling: 7942ms
	BeginReloadAssembly (4135ms)
		ExecutionOrderSort (0ms)
		DisableScriptedObjects (0ms)
		BackupInstance (0ms)
		ReleaseScriptingObjects (0ms)
		CreateAndSetChildDomain (243ms)
	RebuildCommonClasses (280ms)
	RebuildNativeTypeToScriptingClass (34ms)
	initialDomainReloadingComplete (888ms)
	LoadAllAssembliesAndSetupDomain (805ms)
		LoadAssemblies (3744ms)
		RebuildTransferFunctionScriptingTraits (0ms)
		AnalyzeDomain (794ms)
			TypeCache.Refresh (768ms)
				TypeCache.ScanAssembly (675ms)
			BuildScriptInfoCaches (0ms)
			ResolveRequiredComponents (25ms)
	FinalizeReload (1800ms)
		ReleaseScriptCaches (0ms)
		RebuildScriptCaches (0ms)
		SetupLoadedEditorAssemblies (1604ms)
			LogAssemblyErrors (0ms)
			InitializePlatformSupportModulesInManaged (400ms)
			SetLoadedEditorAssemblies (7ms)
			BeforeProcessingInitializeOnLoad (444ms)
			ProcessInitializeOnLoadAttributes (472ms)
			ProcessInitializeOnLoadMethodAttributes (281ms)
			AfterProcessingInitializeOnLoad (0ms)
			EditorAssembliesLoaded (0ms)
		ExecutionOrderSort2 (0ms)
		AwakeInstancesAfterBackupRestoration (0ms)
========================================================================
Worker process is ready to serve import requests
Import Worker Mode flag is 0x00
Begin MonoManager ReloadAssembly
[Licensing::Module] Licensing is not yet initialized.
[Licensing::Client] Error: HandshakeResponse reported an error:
	ResponseCode: 505
	ResponseStatus: Unsupported protocol version '1.17.2'.
[Licensing::Module] Error: Failed to handshake to channel: "LicenseClient-CodenameBanana"
[Licensing::IpcConnector] LicenseClient-CodenameBanana channel disconnected successfully.
[Licensing::IpcConnector] Successfully connected to: "LicenseClient-CodenameBanana-6000.2.3" at "2025-11-22T17:14:58.7009809Z"
[Licensing::Client] Code 10 while verifying Licensing Client signature (process Id: 8668, path: "C:/Program Files/Unity/Hub/Editor/6000.2.3f1/Editor/Data/Resources/Licensing/Client/Unity.Licensing.Client.exe")
[Licensing::Module] LicensingClient has failed validation; ignoring
[Licensing::Client] Handshaking with LicensingClient:
  Version:                 1.17.2+ff71f16
  Session Id:              1dcacbbdbebf497ca1bb188aeb40cef5
  Correlation Id:          5bda47ba3870efb024a0cca520dbb44c
  External correlation Id: 7536424566948187694
  Machine Id:              FySuUcGd13YysaJMMKR5cquJ2co=
[Licensing::Module] Successfully connected to LicensingClient on channel: "LicenseClient-CodenameBanana-6000.2.3" (connect: 0.00s, validation: 0.00s, handshake: 0.07s)
[Licensing::IpcConnector] Successfully connected to: "LicenseClient-CodenameBanana-6000.2.3-notifications" at "2025-11-22T17:14:58.779183Z"
[Licensing::Module] Licensing Background thread has ended after 28.20s
[Licensing::Module] Licensing is initialized (took 0.43s).
[Licensing::Client] Successfully resolved entitlement details
[Licensing::Module] License group:
  Id: F4-Z7JR-G9AR-8MFP-P9CS-XXXX
  Product: Unity Personal
  Type: ULF
  Expiration: Unlimited
[Licensing::Module] License group:
  Id: 2475579106643-UnityPersXXXX
  Product: Unity Personal
  Type: Assigned
  Expiration: Unlimited
- Loaded All Assemblies, in  7.852 seconds
Refreshing native plugins compatible for Editor in 4.03 ms, found 2 plugins.
Native extension for WindowsStandalone target not found
Package Manager log level set to [2]
[Package Manager] Failed to launch server process. Reason: Unity was launched with the -noUpm command-line argument
[Package Manager] Unable to send message (not connected to server process).
[Package Manager] Cannot connect to Unity Package Manager local server
Mono: successfully reloaded assembly
- Finished resetting the current domain, in  2.918 seconds
Domain Reload Profiling: 10681ms
	BeginReloadAssembly (5193ms)
		ExecutionOrderSort (0ms)
		DisableScriptedObjects (12ms)
		BackupInstance (0ms)
		ReleaseScriptingObjects (0ms)
		CreateAndSetChildDomain (1682ms)
	RebuildCommonClasses (314ms)
	RebuildNativeTypeToScriptingClass (55ms)
	initialDomainReloadingComplete (189ms)
	LoadAllAssembliesAndSetupDomain (2012ms)
		LoadAssemblies (4314ms)
		RebuildTransferFunctionScriptingTraits (0ms)
		AnalyzeDomain (508ms)
			TypeCache.Refresh (404ms)
				TypeCache.ScanAssembly (311ms)
			BuildScriptInfoCaches (94ms)
			ResolveRequiredComponents (7ms)
	FinalizeReload (2919ms)
		ReleaseScriptCaches (0ms)
		RebuildScriptCaches (0ms)
		SetupLoadedEditorAssemblies (2472ms)
			LogAssemblyErrors (0ms)
			InitializePlatformSupportModulesInManaged (18ms)
			SetLoadedEditorAssemblies (23ms)
			BeforeProcessingInitializeOnLoad (597ms)
			ProcessInitializeOnLoadAttributes (1752ms)
			ProcessInitializeOnLoadMethodAttributes (66ms)
			AfterProcessingInitializeOnLoad (14ms)
			EditorAssembliesLoaded (0ms)
		ExecutionOrderSort2 (0ms)
		AwakeInstancesAfterBackupRestoration (8ms)
Launched and connected shader compiler UnityShaderCompiler.exe after 0.02 seconds
Refreshing native plugins compatible for Editor in 1.24 ms, found 2 plugins.
Preloading 0 native plugins for Editor in 0.00 ms.
Unloading 0 Unused Serialized files (Serialized files now loaded: 0)
Unloading 2460 unused Assets / (2.0 MB). Loaded Objects now: 2968.
Memory consumption went from 71.0 MB to 69.0 MB.
Total: 9.648500 ms (FindLiveObjects: 0.456700 ms CreateObjectMapping: 0.316200 ms MarkObjects: 5.789000 ms  DeleteObjects: 3.084300 ms)

========================================================================
Received Import Request.
  Time since last request: 179707.155977 seconds.
  path: Assets/Scenes/World3.unity
  artifactKey: Guid(40afa147375ad794a8972fb1be086438) Importer(815301076,1909f56bfc062723c751e8b465ee728b)
Start importing Assets/Scenes/World3.unity using Guid(40afa147375ad794a8972fb1be086438) Importer(815301076,1909f56bfc062723c751e8b465ee728b) (PreviewImporter) -> (artifact id: 'ff8321cfbc615c675916246b0b0b95b4') in 0.0309023 seconds
Number of updated asset objects reloaded before import = 0Number of asset objects unloaded after import = 0

========================================================================
Received Import Request.
  Time since last request: 350.638332 seconds.
  path: Assets/BlackSmith.png
  artifactKey: Guid(e494f90f4733af54a9f3dee0b88c17f3) Importer(815301076,1909f56bfc062723c751e8b465ee728b)
Start importing Assets/BlackSmith.png using Guid(e494f90f4733af54a9f3dee0b88c17f3) Importer(815301076,1909f56bfc062723c751e8b465ee728b) (PreviewImporter) -> (artifact id: '11e1626ccf4d92c56b7553322a0c75e2') in 1.9709338 seconds
Number of updated asset objects reloaded before import = 0Number of asset objects unloaded after import = 2

========================================================================
Received Import Request.
  Time since last request: 0.157942 seconds.
  path: Assets/BlackSmith 1.prefab
  artifactKey: Guid(a29767ed0453f474ebbdc26fc6ab0e70) Importer(815301076,1909f56bfc062723c751e8b465ee728b)
Start importing Assets/BlackSmith 1.prefab using Guid(a29767ed0453f474ebbdc26fc6ab0e70) Importer(815301076,1909f56bfc062723c751e8b465ee728b) (PreviewImporter) -> (artifact id: '8d472164ab295a11048c9f3ca3c86a5b') in 1.633661 seconds
Number of updated asset objects reloaded before import = 0Number of asset objects unloaded after import = 22

========================================================================
Received Import Request.
  Time since last request: 0.016052 seconds.
  path: Assets/man.png
  artifactKey: Guid(651d6ef41531c894eaf960f4ce8fa1a3) Importer(815301076,1909f56bfc062723c751e8b465ee728b)
Start importing Assets/man.png using Guid(651d6ef41531c894eaf960f4ce8fa1a3) Importer(815301076,1909f56bfc062723c751e8b465ee728b) (PreviewImporter) -> (artifact id: '926e86ce4e23fe8d28a127d1b9f1e9e0') in 0.2032329 seconds
Number of updated asset objects reloaded before import = 0Number of asset objects unloaded after import = 3

========================================================================
Received Import Request.
  Time since last request: 1.361887 seconds.
  path: Assets/Materials/man.mat
  artifactKey: Guid(ae4d91cfdf9761145911a4a6c5140986) Importer(815301076,1909f56bfc062723c751e8b465ee728b)
Start importing Assets/Materials/man.mat using Guid(ae4d91cfdf9761145911a4a6c5140986) Importer(815301076,1909f56bfc062723c751e8b465ee728b) (PreviewImporter) -> (artifact id: '96bd21fad34320c06c355da3c6eb1055') in 0.3412644 seconds
Number of updated asset objects reloaded before import = 0Number of asset objects unloaded after import = 2

========================================================================
Received Import Request.
  Time since last request: 25.545661 seconds.
  path: Assets/Prefabs/CoolStuff(Decor)/Bush.png
  artifactKey: Guid(8d82c47cdc20cf648be5292b11ae1805) Importer(815301076,1909f56bfc062723c751e8b465ee728b)
Start importing Assets/Prefabs/CoolStuff(Decor)/Bush.png using Guid(8d82c47cdc20cf648be5292b11ae1805) Importer(815301076,1909f56bfc062723c751e8b465ee728b) (PreviewImporter) -> (artifact id: '2c52e6cc1e93c767b19fa5af630411f4') in 0.0145502 seconds
Number of updated asset objects reloaded before import = 0Number of asset objects unloaded after import = 3

========================================================================
Received Import Request.
  Time since last request: 0.002366 seconds.
  path: Assets/Prefabs/CoolStuff(Decor)/TreeBase.png
  artifactKey: Guid(df8f28d8c44bb914f91e685fc0cb15c5) Importer(815301076,1909f56bfc062723c751e8b465ee728b)
Start importing Assets/Prefabs/CoolStuff(Decor)/TreeBase.png using Guid(df8f28d8c44bb914f91e685fc0cb15c5) Importer(815301076,1909f56bfc062723c751e8b465ee728b) (PreviewImporter) -> (artifact id: 'eba6ed46ed7a0a887e44a1f530facab8') in 0.0292254 seconds
Number of updated asset objects reloaded before import = 0Number of asset objects unloaded after import = 3

========================================================================
Received Import Request.
  Time since last request: 0.000033 seconds.
  path: Assets/Prefabs/CoolStuff(Decor)/Grass.png
  artifactKey: Guid(1cfe80de1a995b140a9e4c16f71e8352) Importer(815301076,1909f56bfc062723c751e8b465ee728b)
Start importing Assets/Prefabs/CoolStuff(Decor)/Grass.png using Guid(1cfe80de1a995b140a9e4c16f71e8352) Importer(815301076,1909f56bfc062723c751e8b465ee728b) (PreviewImporter) -> (artifact id: '67beebfb6bb38d607cf65e63a781a26f') in 0.0357981 seconds
Number of updated asset objects reloaded before import = 0Number of asset objects unloaded after import = 3

========================================================================
Received Import Request.
  Time since last request: 0.002206 seconds.
  path: Assets/Prefabs/CoolStuff(Decor)/Man.png
  artifactKey: Guid(f3f0c557ec144e942a262ef554fd3d49) Importer(815301076,1909f56bfc062723c751e8b465ee728b)
Start importing Assets/Prefabs/CoolStuff(Decor)/Man.png using Guid(f3f0c557ec144e942a262ef554fd3d49) Importer(815301076,1909f56bfc062723c751e8b465ee728b) (PreviewImporter) -> (artifact id: 'a983b1330206f8724a93fc47f526622e') in 0.0174192 seconds
Number of updated asset objects reloaded before import = 0Number of asset objects unloaded after import = 3

========================================================================
Received Import Request.
  Time since last request: 0.001495 seconds.
  path: Assets/Prefabs/CoolStuff(Decor)/ManNew.png
  artifactKey: Guid(38d62008982dad24c8bebb7b27b30176) Importer(815301076,1909f56bfc062723c751e8b465ee728b)
Start importing Assets/Prefabs/CoolStuff(Decor)/ManNew.png using Guid(38d62008982dad24c8bebb7b27b30176) Importer(815301076,1909f56bfc062723c751e8b465ee728b) (PreviewImporter) -> (artifact id: '3319735873f8a30d668202d77a077041') in 0.0574224 seconds
Number of updated asset objects reloaded before import = 0Number of asset objects unloaded after import = 3

========================================================================
Received Import Request.
  Time since last request: 2.874881 seconds.
  path: Assets/Prefabs/CoolStuff(Decor)/SnowyGrass.png
  artifactKey: Guid(bfc2c66b5579bd44eae3f963df2a2945) Importer(815301076,1909f56bfc062723c751e8b465ee728b)
Start importing Assets/Prefabs/CoolStuff(Decor)/SnowyGrass.png using Guid(bfc2c66b5579bd44eae3f963df2a2945) Importer(815301076,1909f56bfc062723c751e8b465ee728b) (PreviewImporter) -> (artifact id: '9bd7c78fb87f32afda2df10f7c47a96a') in 0.0216794 seconds
Number of updated asset objects reloaded before import = 0Number of asset objects unloaded after import = 2

Editor requested this worker to shutdown with reason: Scaling down because of idle timeout
AssetImportWorker is now disconnected from the server
Process exiting
Exiting without the bug reporter. Application will terminate with return code 0