[Licensing::Module] Trying to connect to existing licensing client channel...
Built from '6000.2/staging' branch; Version is '6000.2.3f1 (c7638eb16d91) revision 13067150'; Using compiler version '194234433'; Build Type 'Release'
[Licensing::IpcConnector] Successfully connected to: "LicenseClient-boodh" at "2025-09-24T15:13:42.6916072Z"
OS: 'Windows 11  (10.0.26100) 64bit Core' Language: 'en' Physical Memory: 16002 MB
BatchMode: 1, IsHumanControllingUs: 0, StartBugReporterOnCrash: 0, Is64bit: 1
Date: 2025-09-24T15:13:42Z

COMMAND LINE ARGUMENTS:
C:\Program Files\Unity\Hub\Editor\6000.2.3f1\Editor\Unity.exe
-adb2
-batchMode
-noUpm
-name
AssetImportWorker2
-projectPath
C:/Users/boodh/OneDrive/Documents/GitHub/CS370_Project_GitHub/CS370
-logFile
Logs/AssetImportWorker2.log
-srvPort
56247
-licensingIpc
LicenseClient-boodh
-job-worker-count
9
-background-job-worker-count
8
-gc-helper-count
1
-name
AssetImport
Successfully changed project path to: C:/Users/boodh/OneDrive/Documents/GitHub/CS370_Project_GitHub/CS370
C:/Users/boodh/OneDrive/Documents/GitHub/CS370_Project_GitHub/CS370
[UnityMemory] Configuration Parameters - Can be set up in boot.config
    "memorysetup-allocator-temp-initial-block-size-main=262144"
    "memorysetup-allocator-temp-initial-block-size-worker=262144"
    "memorysetup-bucket-allocator-granularity=16"
    "memorysetup-bucket-allocator-bucket-count=8"
    "memorysetup-bucket-allocator-block-size=33554432"
    "memorysetup-bucket-allocator-block-count=8"
    "memorysetup-main-allocator-block-size=16777216"
    "memorysetup-thread-allocator-block-size=16777216"
    "memorysetup-gfx-main-allocator-block-size=16777216"
    "memorysetup-gfx-thread-allocator-block-size=16777216"
    "memorysetup-cache-allocator-block-size=4194304"
    "memorysetup-typetree-allocator-block-size=2097152"
    "memorysetup-profiler-bucket-allocator-granularity=16"
    "memorysetup-profiler-bucket-allocator-bucket-count=8"
    "memorysetup-profiler-bucket-allocator-block-size=33554432"
    "memorysetup-profiler-bucket-allocator-block-count=8"
    "memorysetup-profiler-allocator-block-size=16777216"
    "memorysetup-profiler-editor-allocator-block-size=1048576"
    "memorysetup-temp-allocator-size-main=16777216"
    "memorysetup-job-temp-allocator-block-size=2097152"
    "memorysetup-job-temp-allocator-block-size-background=1048576"
    "memorysetup-job-temp-allocator-reduction-small-platforms=262144"
    "memorysetup-temp-allocator-size-background-worker=32768"
    "memorysetup-temp-allocator-size-job-worker=262144"
    "memorysetup-temp-allocator-size-preload-manager=33554432"
    "memorysetup-temp-allocator-size-nav-mesh-worker=65536"
    "memorysetup-temp-allocator-size-audio-worker=65536"
    "memorysetup-temp-allocator-size-cloud-worker=32768"
    "memorysetup-temp-allocator-size-gi-baking-worker=262144"
    "memorysetup-temp-allocator-size-gi-baking-worker=262144"
    "memorysetup-temp-allocator-size-gi-baking-worker=262144"
    "memorysetup-temp-allocator-size-gi-baking-worker=262144"
    "memorysetup-temp-allocator-size-gi-baking-worker=262144"
    "memorysetup-temp-allocator-size-gfx=262144"
Player connection [7144]  Target information:

Player connection [7144]  * "[IP] 192.168.225.76 [Port] 0 [Flags] 2 [Guid] 967179243 [EditorId] 967179243 [Version] 1048832 [Id] WindowsEditor(7,Adel) [Debug] 1 [PackageName] WindowsEditor [ProjectName] Editor" 

Player connection [7144] Host joined multi-casting on [225.0.0.222:54997]...
Player connection [7144] Host joined alternative multi-casting on [225.0.0.222:34997]...
JobSystem: Creating JobQueue using job-worker-count value 9
Input System module state changed to: Initialized.
[Physics::Module] Initialized fallback backend.
[Physics::Module] Id: 0xdecafbad
[Licensing::Client] Code 10 while verifying Licensing Client signature (process Id: 23612, path: "C:/Program Files/Unity Hub/UnityLicensingClient_V1/Unity.Licensing.Client.exe")
[Licensing::Module] LicensingClient has failed validation; ignoring
[Licensing::Client] Error: HandshakeResponse reported an error:
	ResponseCode: 505
	ResponseStatus: Unsupported protocol version '1.17.2'.
[Licensing::Module] Error: Failed to handshake to channel: "LicenseClient-boodh"
[Licensing::IpcConnector] LicenseClient-boodh channel disconnected successfully.
[Licensing::IpcConnector] Successfully connected to: "LicenseClient-boodh-6000.2.3" at "2025-09-24T15:13:42.7946321Z"
[Licensing::Client] Code 10 while verifying Licensing Client signature (process Id: 7816, path: "C:/Program Files/Unity/Hub/Editor/6000.2.3f1/Editor/Data/Resources/Licensing/Client/Unity.Licensing.Client.exe")
[Licensing::Module] LicensingClient has failed validation; ignoring
[Licensing::Client] Handshaking with LicensingClient:
  Version:                 1.17.2+ff71f16
  Session Id:              2c2477a992cf47e8b5637e137c32ab08
  Correlation Id:          02c46ceb306d9cefdf20d955a20b2ada
  External correlation Id: 9074954223962199437
  Machine Id:              aWiZ+5ck5R6ccxyn9XDzBJPGM/w=
[Licensing::Module] Successfully connected to LicensingClient on channel: "LicenseClient-boodh-6000.2.3" (connect: 0.00s, validation: 0.00s, handshake: 0.03s)
[Licensing::IpcConnector] Successfully connected to: "LicenseClient-boodh-6000.2.3-notifications" at "2025-09-24T15:13:42.8295361Z"
[Licensing::Module] Licensing Background thread has ended after 0.14s
Library Redirect Path: Library/
[Physics::Module] Selected backend.
[Physics::Module] Name: PhysX
[Physics::Module] Id: 0xf2b8ea05
[Physics::Module] SDK Version: 4.1.2
[Physics::Module] Integration Version: 1.0.0
[Physics::Module] Threading Mode: Multi-Threaded
Refreshing native plugins compatible for Editor in 11.66 ms, found 2 plugins.
Preloading 0 native plugins for Editor in 0.00 ms.
Initialize engine version: 6000.2.3f1 (c7638eb16d91)
[Subsystems] Discovering subsystems at path C:/Program Files/Unity/Hub/Editor/6000.2.3f1/Editor/Data/Resources/UnitySubsystems
[Subsystems] Discovering subsystems at path C:/Users/boodh/OneDrive/Documents/GitHub/CS370_Project_GitHub/CS370/Assets
GfxDevice: creating device client; kGfxThreadingModeNonThreaded
Direct3D:
    Version:  Direct3D 11.0 [level 11.1]
    Renderer: NVIDIA GeForce RTX 3050 6GB Laptop GPU (ID=0x25ac)
    Vendor:   NVIDIA
    VRAM:     6002 MB
    Driver:   32.0.15.6636
Initialize mono
Mono path[0] = 'C:/Program Files/Unity/Hub/Editor/6000.2.3f1/Editor/Data/Managed'
Mono path[1] = 'C:/Program Files/Unity/Hub/Editor/6000.2.3f1/Editor/Data/MonoBleedingEdge/lib/mono/unityjit-win32'
Mono config path = 'C:/Program Files/Unity/Hub/Editor/6000.2.3f1/Editor/Data/MonoBleedingEdge/etc'
Using monoOptions --debugger-agent=transport=dt_socket,embedding=1,server=y,suspend=n,address=127.0.0.1:56128
Begin MonoManager ReloadAssembly
Registering precompiled unity dll's ...
Register platform support module: C:/Program Files/Unity/Hub/Editor/6000.2.3f1/Editor/Data/PlaybackEngines/WebGLSupport/UnityEditor.WebGL.Extensions.dll
Register platform support module: C:/Program Files/Unity/Hub/Editor/6000.2.3f1/Editor/Data/PlaybackEngines/WindowsStandaloneSupport/UnityEditor.WindowsStandalone.Extensions.dll
Registered in 0.010250 seconds.
- Loaded All Assemblies, in  1.230 seconds
Native extension for WindowsStandalone target not found
Native extension for WebGL target not found
Mono: successfully reloaded assembly
- Finished resetting the current domain, in  0.838 seconds
Domain Reload Profiling: 2061ms
	BeginReloadAssembly (575ms)
		ExecutionOrderSort (0ms)
		DisableScriptedObjects (0ms)
		BackupInstance (0ms)
		ReleaseScriptingObjects (0ms)
		CreateAndSetChildDomain (2ms)
	RebuildCommonClasses (86ms)
	RebuildNativeTypeToScriptingClass (28ms)
	initialDomainReloadingComplete (127ms)
	LoadAllAssembliesAndSetupDomain (406ms)
		LoadAssemblies (571ms)
		RebuildTransferFunctionScriptingTraits (0ms)
		AnalyzeDomain (396ms)
			TypeCache.Refresh (392ms)
				TypeCache.ScanAssembly (358ms)
			BuildScriptInfoCaches (0ms)
			ResolveRequiredComponents (1ms)
	FinalizeReload (839ms)
		ReleaseScriptCaches (0ms)
		RebuildScriptCaches (0ms)
		SetupLoadedEditorAssemblies (748ms)
			LogAssemblyErrors (0ms)
			InitializePlatformSupportModulesInManaged (139ms)
			SetLoadedEditorAssemblies (9ms)
			BeforeProcessingInitializeOnLoad (157ms)
			ProcessInitializeOnLoadAttributes (320ms)
			ProcessInitializeOnLoadMethodAttributes (123ms)
			AfterProcessingInitializeOnLoad (0ms)
			EditorAssembliesLoaded (0ms)
		ExecutionOrderSort2 (0ms)
		AwakeInstancesAfterBackupRestoration (0ms)
========================================================================
Worker process is ready to serve import requests
Import Worker Mode flag is 0x00
Begin MonoManager ReloadAssembly
[Licensing::Client] Successfully resolved entitlement details
[Licensing::Module] License group:
  Id: F4-D5V4-PNYP-J3GH-PH48-XXXX
  Product: Unity Personal
  Type: ULF
  Expiration: Unlimited
[Licensing::Module] License group:
  Id: 2474697425730-UnityPersXXXX
  Product: Unity Personal
  Type: Assigned
  Expiration: Unlimited
- Loaded All Assemblies, in  1.521 seconds
Refreshing native plugins compatible for Editor in 1.85 ms, found 2 plugins.
Native extension for WindowsStandalone target not found
Native extension for WebGL target not found
Package Manager log level set to [2]
[Package Manager] Failed to launch server process. Reason: Unity was launched with the -noUpm command-line argument
[Package Manager] Unable to send message (not connected to server process).
[Package Manager] Cannot connect to Unity Package Manager local server
Mono: successfully reloaded assembly
- Finished resetting the current domain, in  1.321 seconds
Domain Reload Profiling: 2832ms
	BeginReloadAssembly (418ms)
		ExecutionOrderSort (0ms)
		DisableScriptedObjects (15ms)
		BackupInstance (0ms)
		ReleaseScriptingObjects (0ms)
		CreateAndSetChildDomain (56ms)
	RebuildCommonClasses (83ms)
	RebuildNativeTypeToScriptingClass (28ms)
	initialDomainReloadingComplete (86ms)
	LoadAllAssembliesAndSetupDomain (896ms)
		LoadAssemblies (883ms)
		RebuildTransferFunctionScriptingTraits (0ms)
		AnalyzeDomain (252ms)
			TypeCache.Refresh (194ms)
				TypeCache.ScanAssembly (170ms)
			BuildScriptInfoCaches (46ms)
			ResolveRequiredComponents (6ms)
	FinalizeReload (1322ms)
		ReleaseScriptCaches (0ms)
		RebuildScriptCaches (0ms)
		SetupLoadedEditorAssemblies (1063ms)
			LogAssemblyErrors (0ms)
			InitializePlatformSupportModulesInManaged (7ms)
			SetLoadedEditorAssemblies (11ms)
			BeforeProcessingInitializeOnLoad (214ms)
			ProcessInitializeOnLoadAttributes (757ms)
			ProcessInitializeOnLoadMethodAttributes (59ms)
			AfterProcessingInitializeOnLoad (13ms)
			EditorAssembliesLoaded (0ms)
		ExecutionOrderSort2 (0ms)
		AwakeInstancesAfterBackupRestoration (14ms)
Launched and connected shader compiler UnityShaderCompiler.exe after 0.04 seconds
Refreshing native plugins compatible for Editor in 2.45 ms, found 2 plugins.
Preloading 0 native plugins for Editor in 0.00 ms.
Unloading 0 Unused Serialized files (Serialized files now loaded: 0)
Unloading 2205 unused Assets / (0.7 MB). Loaded Objects now: 2726.
Memory consumption went from 80.8 MB to 80.2 MB.
Total: 10.344200 ms (FindLiveObjects: 0.292800 ms CreateObjectMapping: 0.166400 ms MarkObjects: 8.621500 ms  DeleteObjects: 1.261000 ms)

========================================================================
Received Import Request.
  Time since last request: 61433.464624 seconds.
  path: Assets/Monsters/Slime/slime.png
  artifactKey: Guid(b2a945f89e8e99949a501c447bc42b8d) Importer(815301076,1909f56bfc062723c751e8b465ee728b)
Start importing Assets/Monsters/Slime/slime.png using Guid(b2a945f89e8e99949a501c447bc42b8d) Importer(815301076,1909f56bfc062723c751e8b465ee728b) (PreviewImporter) -> (artifact id: 'a8bdaccb6ce33a4ea23a83f49a20848f') in 0.192337 seconds
Number of updated asset objects reloaded before import = 0Number of asset objects unloaded after import = 2

========================================================================
Received Import Request.
  Time since last request: 445.105835 seconds.
  path: Assets/Monsters/Slime/slime.png
  artifactKey: Guid(b2a945f89e8e99949a501c447bc42b8d) Importer(815301076,1909f56bfc062723c751e8b465ee728b)
Start importing Assets/Monsters/Slime/slime.png using Guid(b2a945f89e8e99949a501c447bc42b8d) Importer(815301076,1909f56bfc062723c751e8b465ee728b) (PreviewImporter) -> (artifact id: '62fe6bc744447a07ef82c52121e581cc') in 0.0241171 seconds
Number of updated asset objects reloaded before import = 0Number of asset objects unloaded after import = 2

========================================================================
Received Prepare
Begin MonoManager ReloadAssembly
[Licensing::Client] Successfully resolved entitlement details
[Licensing::Module] License group:
  Id: F4-D5V4-PNYP-J3GH-PH48-XXXX
  Product: Unity Personal
  Type: ULF
  Expiration: Unlimited
[Licensing::Module] License group:
  Id: 2474697425730-UnityPersXXXX
  Product: Unity Personal
  Type: Assigned
  Expiration: Unlimited
- Loaded All Assemblies, in  1.265 seconds
Refreshing native plugins compatible for Editor in 2.24 ms, found 2 plugins.
Native extension for WindowsStandalone target not found
Native extension for WebGL target not found
[Package Manager] Failed to launch server process. Reason: Unity was launched with the -noUpm command-line argument
[Package Manager] Unable to send message (not connected to server process).
[Package Manager] Cannot connect to Unity Package Manager local server
Mono: successfully reloaded assembly
- Finished resetting the current domain, in  1.268 seconds
Domain Reload Profiling: 2526ms
	BeginReloadAssembly (438ms)
		ExecutionOrderSort (0ms)
		DisableScriptedObjects (15ms)
		BackupInstance (0ms)
		ReleaseScriptingObjects (0ms)
		CreateAndSetChildDomain (80ms)
	RebuildCommonClasses (84ms)
	RebuildNativeTypeToScriptingClass (34ms)
	initialDomainReloadingComplete (62ms)
	LoadAllAssembliesAndSetupDomain (638ms)
		LoadAssemblies (687ms)
		RebuildTransferFunctionScriptingTraits (0ms)
		AnalyzeDomain (193ms)
			TypeCache.Refresh (21ms)
				TypeCache.ScanAssembly (8ms)
			BuildScriptInfoCaches (158ms)
			ResolveRequiredComponents (6ms)
	FinalizeReload (1269ms)
		ReleaseScriptCaches (0ms)
		RebuildScriptCaches (0ms)
		SetupLoadedEditorAssemblies (1023ms)
			LogAssemblyErrors (0ms)
			InitializePlatformSupportModulesInManaged (6ms)
			SetLoadedEditorAssemblies (10ms)
			BeforeProcessingInitializeOnLoad (218ms)
			ProcessInitializeOnLoadAttributes (708ms)
			ProcessInitializeOnLoadMethodAttributes (67ms)
			AfterProcessingInitializeOnLoad (13ms)
			EditorAssembliesLoaded (1ms)
		ExecutionOrderSort2 (0ms)
		AwakeInstancesAfterBackupRestoration (16ms)
Refreshing native plugins compatible for Editor in 4.33 ms, found 2 plugins.
Preloading 0 native plugins for Editor in 0.00 ms.
Unloading 0 Unused Serialized files (Serialized files now loaded: 0)
Unloading 2257 unused Assets / (356.0 KB). Loaded Objects now: 2785.
Memory consumption went from 82.1 MB to 81.8 MB.
Total: 13.034800 ms (FindLiveObjects: 0.329700 ms CreateObjectMapping: 0.186800 ms MarkObjects: 11.034500 ms  DeleteObjects: 1.480600 ms)

Prepare: number of updated asset objects reloaded= 0
========================================================================
Received Import Request.
  Time since last request: 64.798937 seconds.
  path: Assets/Monsters/Slime/slime.png
  artifactKey: Guid(b2a945f89e8e99949a501c447bc42b8d) Importer(815301076,1909f56bfc062723c751e8b465ee728b)
Start importing Assets/Monsters/Slime/slime.png using Guid(b2a945f89e8e99949a501c447bc42b8d) Importer(815301076,1909f56bfc062723c751e8b465ee728b) (PreviewImporter) -> (artifact id: '99cf68b4917d20e7b7b00af725633288') in 0.1369083 seconds
Number of updated asset objects reloaded before import = 0Number of asset objects unloaded after import = 2

========================================================================
Received Import Request.
  Time since last request: 18.014106 seconds.
  path: Assets/Free Particle Assets/Cartoon FX Remaster/CFXR Assets/Misc/cfxr font AmazGoDaBold.png
  artifactKey: Guid(7ab74e659e1f0a34d9cfec21c478fc12) Importer(815301076,1909f56bfc062723c751e8b465ee728b)
Start importing Assets/Free Particle Assets/Cartoon FX Remaster/CFXR Assets/Misc/cfxr font AmazGoDaBold.png using Guid(7ab74e659e1f0a34d9cfec21c478fc12) Importer(815301076,1909f56bfc062723c751e8b465ee728b) (PreviewImporter) -> (artifact id: '0fda7bcab4298e45a03e0a98c2afdad8') in 0.6047051 seconds
Number of updated asset objects reloaded before import = 0Number of asset objects unloaded after import = 70

========================================================================
Received Import Request.
  Time since last request: 0.171484 seconds.
  path: Assets/Free Particle Assets/Cartoon FX Remaster/Demo Assets/UI/CFXR Demo Btn Arrow.png
  artifactKey: Guid(b0394665e16ef504bb922274dd606020) Importer(815301076,1909f56bfc062723c751e8b465ee728b)
Start importing Assets/Free Particle Assets/Cartoon FX Remaster/Demo Assets/UI/CFXR Demo Btn Arrow.png using Guid(b0394665e16ef504bb922274dd606020) Importer(815301076,1909f56bfc062723c751e8b465ee728b) (PreviewImporter) -> (artifact id: '6a23736f57374b3cf8f777cf31e60869') in 0.0323434 seconds
Number of updated asset objects reloaded before import = 0Number of asset objects unloaded after import = 3

========================================================================
Received Import Request.
  Time since last request: 0.345810 seconds.
  path: Assets/Free Particle Assets/Cartoon FX Remaster/Demo Assets/UI/CFXR Demo Btn Bloom.png
  artifactKey: Guid(07caf3d1930bab14aa8f6dcdf2db871a) Importer(815301076,1909f56bfc062723c751e8b465ee728b)
Start importing Assets/Free Particle Assets/Cartoon FX Remaster/Demo Assets/UI/CFXR Demo Btn Bloom.png using Guid(07caf3d1930bab14aa8f6dcdf2db871a) Importer(815301076,1909f56bfc062723c751e8b465ee728b) (PreviewImporter) -> (artifact id: 'de69df9db6526dca514c3cc04c0f0a27') in 0.0316018 seconds
Number of updated asset objects reloaded before import = 0Number of asset objects unloaded after import = 3

========================================================================
Received Import Request.
  Time since last request: 0.000014 seconds.
  path: Assets/Free Particle Assets/Cartoon FX Remaster/Demo Assets/UI/CFXR Demo Btn Camera H.png
  artifactKey: Guid(0bb8c249681ba00429319d91208c6fec) Importer(815301076,1909f56bfc062723c751e8b465ee728b)
Start importing Assets/Free Particle Assets/Cartoon FX Remaster/Demo Assets/UI/CFXR Demo Btn Camera H.png using Guid(0bb8c249681ba00429319d91208c6fec) Importer(815301076,1909f56bfc062723c751e8b465ee728b) (PreviewImporter) -> (artifact id: 'b2ad9bce330d309db3f0f96445935e38') in 0.053208 seconds
Number of updated asset objects reloaded before import = 0Number of asset objects unloaded after import = 3

========================================================================
Received Import Request.
  Time since last request: 0.000046 seconds.
  path: Assets/Free Particle Assets/Cartoon FX Remaster/Demo Assets/UI/CFXR Demo Btn CameraShake H.png
  artifactKey: Guid(3c125755d5769934fae41fa260070229) Importer(815301076,1909f56bfc062723c751e8b465ee728b)
Start importing Assets/Free Particle Assets/Cartoon FX Remaster/Demo Assets/UI/CFXR Demo Btn CameraShake H.png using Guid(3c125755d5769934fae41fa260070229) Importer(815301076,1909f56bfc062723c751e8b465ee728b) (PreviewImporter) -> (artifact id: '04b45b83b60d6274394b7bf9ec2e9e65') in 0.0522665 seconds
Number of updated asset objects reloaded before import = 0Number of asset objects unloaded after import = 3

========================================================================
Received Import Request.
  Time since last request: 0.000061 seconds.
  path: Assets/Free Particle Assets/Cartoon FX Remaster/Demo Assets/UI/CFXR Demo Btn Camera.png
  artifactKey: Guid(41bf8b79c5dc7d64aafcc3c68e923096) Importer(815301076,1909f56bfc062723c751e8b465ee728b)
Start importing Assets/Free Particle Assets/Cartoon FX Remaster/Demo Assets/UI/CFXR Demo Btn Camera.png using Guid(41bf8b79c5dc7d64aafcc3c68e923096) Importer(815301076,1909f56bfc062723c751e8b465ee728b) (PreviewImporter) -> (artifact id: 'a899ef7e2e05e8f7be93777f3c77cdef') in 0.0500287 seconds
Number of updated asset objects reloaded before import = 0Number of asset objects unloaded after import = 3

========================================================================
Received Import Request.
  Time since last request: 0.000046 seconds.
  path: Assets/Free Particle Assets/Cartoon FX Remaster/Demo Assets/UI/CFXR Demo Btn SlowMo H.png
  artifactKey: Guid(e77c7f9a6ebccc14e9ac9be7a2a2d5af) Importer(815301076,1909f56bfc062723c751e8b465ee728b)
Start importing Assets/Free Particle Assets/Cartoon FX Remaster/Demo Assets/UI/CFXR Demo Btn SlowMo H.png using Guid(e77c7f9a6ebccc14e9ac9be7a2a2d5af) Importer(815301076,1909f56bfc062723c751e8b465ee728b) (PreviewImporter) -> (artifact id: '00995e201750544b2e323111a7e56a2f') in 0.0514792 seconds
Number of updated asset objects reloaded before import = 0Number of asset objects unloaded after import = 3

========================================================================
Received Import Request.
  Time since last request: 0.000044 seconds.
  path: Assets/Free Particle Assets/Cartoon FX Remaster/Demo Assets/UI/CFXR Demo Btn Ground.png
  artifactKey: Guid(32b639b461ed6424eaacb0b92b1e8dc1) Importer(815301076,1909f56bfc062723c751e8b465ee728b)
Start importing Assets/Free Particle Assets/Cartoon FX Remaster/Demo Assets/UI/CFXR Demo Btn Ground.png using Guid(32b639b461ed6424eaacb0b92b1e8dc1) Importer(815301076,1909f56bfc062723c751e8b465ee728b) (PreviewImporter) -> (artifact id: 'f4a2f82b8d38352366612b9f96b558c7') in 0.0478039 seconds
Number of updated asset objects reloaded before import = 0Number of asset objects unloaded after import = 3

========================================================================
Received Import Request.
  Time since last request: 0.078825 seconds.
  path: Assets/Free Particle Assets/Cartoon FX Remaster/Demo Assets/UI/CFXRF Demo Logo.png
  artifactKey: Guid(a665b2e53088caa4c89dd09f9c889f62) Importer(815301076,1909f56bfc062723c751e8b465ee728b)
Start importing Assets/Free Particle Assets/Cartoon FX Remaster/Demo Assets/UI/CFXRF Demo Logo.png using Guid(a665b2e53088caa4c89dd09f9c889f62) Importer(815301076,1909f56bfc062723c751e8b465ee728b) (PreviewImporter) -> (artifact id: '8f86f32b30e8df81281e0d95a5de7dd7') in 0.0478829 seconds
Number of updated asset objects reloaded before import = 0Number of asset objects unloaded after import = 3

Editor requested this worker to shutdown with reason: Scaling down because of idle timeout
AssetImportWorker is now disconnected from the server
Process exiting
Exiting without the bug reporter. Application will terminate with return code 0