[Licensing::Module] Trying to connect to existing licensing client channel...
Built from '6000.2/staging' branch; Version is '6000.2.3f1 (c7638eb16d91) revision 13067150'; Using compiler version '194234433'; Build Type 'Release'
[Licensing::IpcConnector] Successfully connected to: "LicenseClient-12312" at "2025-09-18T18:59:36.1949191Z"
OS: 'Windows 11  (10.0.26100) 64bit Core' Language: 'en' Physical Memory: 16208 MB
BatchMode: 1, IsHumanControllingUs: 0, StartBugReporterOnCrash: 0, Is64bit: 1
Date: 2025-09-18T18:59:36Z

COMMAND LINE ARGUMENTS:
C:\Program Files\Unity\Hub\Editor\6000.2.3f1\Editor\Unity.exe
-adb2
-batchMode
-noUpm
-name
AssetImportWorker4
-projectPath
C:/Users/12312/GitHub/CS370
-logFile
Logs/AssetImportWorker4.log
-srvPort
56570
-licensingIpc
LicenseClient-12312
-job-worker-count
5
-background-job-worker-count
8
-gc-helper-count
1
-name
AssetImport
Successfully changed project path to: C:/Users/12312/GitHub/CS370
C:/Users/12312/GitHub/CS370
[UnityMemory] Configuration Parameters - Can be set up in boot.config
    "memorysetup-allocator-temp-initial-block-size-main=262144"
    "memorysetup-allocator-temp-initial-block-size-worker=262144"
    "memorysetup-bucket-allocator-granularity=16"
    "memorysetup-bucket-allocator-bucket-count=8"
    "memorysetup-bucket-allocator-block-size=33554432"
    "memorysetup-bucket-allocator-block-count=8"
    "memorysetup-main-allocator-block-size=16777216"
    "memorysetup-thread-allocator-block-size=16777216"
    "memorysetup-gfx-main-allocator-block-size=16777216"
    "memorysetup-gfx-thread-allocator-block-size=16777216"
    "memorysetup-cache-allocator-block-size=4194304"
    "memorysetup-typetree-allocator-block-size=2097152"
    "memorysetup-profiler-bucket-allocator-granularity=16"
    "memorysetup-profiler-bucket-allocator-bucket-count=8"
    "memorysetup-profiler-bucket-allocator-block-size=33554432"
    "memorysetup-profiler-bucket-allocator-block-count=8"
    "memorysetup-profiler-allocator-block-size=16777216"
    "memorysetup-profiler-editor-allocator-block-size=1048576"
    "memorysetup-temp-allocator-size-main=16777216"
    "memorysetup-job-temp-allocator-block-size=2097152"
    "memorysetup-job-temp-allocator-block-size-background=1048576"
    "memorysetup-job-temp-allocator-reduction-small-platforms=262144"
    "memorysetup-temp-allocator-size-background-worker=32768"
    "memorysetup-temp-allocator-size-job-worker=262144"
    "memorysetup-temp-allocator-size-preload-manager=33554432"
    "memorysetup-temp-allocator-size-nav-mesh-worker=65536"
    "memorysetup-temp-allocator-size-audio-worker=65536"
    "memorysetup-temp-allocator-size-cloud-worker=32768"
    "memorysetup-temp-allocator-size-gi-baking-worker=262144"
    "memorysetup-temp-allocator-size-gi-baking-worker=262144"
    "memorysetup-temp-allocator-size-gi-baking-worker=262144"
    "memorysetup-temp-allocator-size-gi-baking-worker=262144"
    "memorysetup-temp-allocator-size-gi-baking-worker=262144"
    "memorysetup-temp-allocator-size-gfx=262144"
Player connection [12968]  Target information:

Player connection [12968]  * "[IP] 192.168.208.29 [Port] 0 [Flags] 2 [Guid] 913386284 [EditorId] 913386284 [Version] 1048832 [Id] WindowsEditor(7,HiThereBuddy) [Debug] 1 [PackageName] WindowsEditor [ProjectName] Editor" 

Player connection [12968] Host joined multi-casting on [225.0.0.222:54997]...
Player connection [12968] Host joined alternative multi-casting on [225.0.0.222:34997]...
JobSystem: Creating JobQueue using job-worker-count value 5
Input System module state changed to: Initialized.
[Physics::Module] Initialized fallback backend.
[Physics::Module] Id: 0xdecafbad
[Licensing::Client] Code 10 while verifying Licensing Client signature (process Id: 3108, path: "C:/Program Files/Unity Hub/UnityLicensingClient_V1/Unity.Licensing.Client.exe")
[Licensing::Module] LicensingClient has failed validation; ignoring
[Licensing::Client] Error: HandshakeResponse reported an error:
	ResponseCode: 505
	ResponseStatus: Unsupported protocol version '1.17.2'.
[Licensing::Module] Error: Failed to handshake to channel: "LicenseClient-12312"
[Licensing::IpcConnector] LicenseClient-12312 channel disconnected successfully.
[Licensing::IpcConnector] Successfully connected to: "LicenseClient-12312-6000.2.3" at "2025-09-18T18:59:36.4368068Z"
[Licensing::Client] Code 10 while verifying Licensing Client signature (process Id: 9624, path: "C:/Program Files/Unity/Hub/Editor/6000.2.3f1/Editor/Data/Resources/Licensing/Client/Unity.Licensing.Client.exe")
[Licensing::Module] LicensingClient has failed validation; ignoring
[Licensing::Client] Handshaking with LicensingClient:
  Version:                 1.17.2+ff71f16
  Session Id:              bd24b49f5cbf48febe9d2c5c011e2e05
  Correlation Id:          4fe6bb065c886d4aded6b5445c8c0c7b
  External correlation Id: 2170808269057539079
  Machine Id:              hjDPiEFXKhmzvr4r1NOv3z6uD4M=
[Licensing::Module] Successfully connected to LicensingClient on channel: "LicenseClient-12312-6000.2.3" (connect: 0.00s, validation: 0.01s, handshake: 0.04s)
[Licensing::IpcConnector] Successfully connected to: "LicenseClient-12312-6000.2.3-notifications" at "2025-09-18T18:59:36.4852388Z"
[Licensing::Module] Licensing Background thread has ended after 0.29s
Library Redirect Path: Library/
[Physics::Module] Selected backend.
[Physics::Module] Name: PhysX
[Physics::Module] Id: 0xf2b8ea05
[Physics::Module] SDK Version: 4.1.2
[Physics::Module] Integration Version: 1.0.0
[Physics::Module] Threading Mode: Multi-Threaded
Refreshing native plugins compatible for Editor in 5.17 ms, found 2 plugins.
Preloading 0 native plugins for Editor in 0.00 ms.
Initialize engine version: 6000.2.3f1 (c7638eb16d91)
[Subsystems] Discovering subsystems at path C:/Program Files/Unity/Hub/Editor/6000.2.3f1/Editor/Data/Resources/UnitySubsystems
[Subsystems] Discovering subsystems at path C:/Users/12312/GitHub/CS370/Assets
GfxDevice: creating device client; kGfxThreadingModeNonThreaded
Direct3D:
    Version:  Direct3D 11.0 [level 11.1]
    Renderer: Intel(R) Iris(R) Xe Graphics (ID=0x46a8)
    Vendor:   Intel
    VRAM:     8104 MB
    Driver:   32.0.101.6737
Initialize mono
Mono path[0] = 'C:/Program Files/Unity/Hub/Editor/6000.2.3f1/Editor/Data/Managed'
Mono path[1] = 'C:/Program Files/Unity/Hub/Editor/6000.2.3f1/Editor/Data/MonoBleedingEdge/lib/mono/unityjit-win32'
Mono config path = 'C:/Program Files/Unity/Hub/Editor/6000.2.3f1/Editor/Data/MonoBleedingEdge/etc'
Using monoOptions --debugger-agent=transport=dt_socket,embedding=1,server=y,suspend=n,address=127.0.0.1:56868
Begin MonoManager ReloadAssembly
Registering precompiled unity dll's ...
Register platform support module: C:/Program Files/Unity/Hub/Editor/6000.2.3f1/Editor/Data/PlaybackEngines/WebGLSupport/UnityEditor.WebGL.Extensions.dll
Register platform support module: C:/Program Files/Unity/Hub/Editor/6000.2.3f1/Editor/Data/PlaybackEngines/WindowsStandaloneSupport/UnityEditor.WindowsStandalone.Extensions.dll
Registered in 0.013050 seconds.
- Loaded All Assemblies, in  2.436 seconds
Native extension for WindowsStandalone target not found
Native extension for WebGL target not found
Mono: successfully reloaded assembly
- Finished resetting the current domain, in  2.022 seconds
Domain Reload Profiling: 4451ms
	BeginReloadAssembly (819ms)
		ExecutionOrderSort (0ms)
		DisableScriptedObjects (0ms)
		BackupInstance (0ms)
		ReleaseScriptingObjects (0ms)
		CreateAndSetChildDomain (3ms)
	RebuildCommonClasses (249ms)
	RebuildNativeTypeToScriptingClass (61ms)
	initialDomainReloadingComplete (290ms)
	LoadAllAssembliesAndSetupDomain (1007ms)
		LoadAssemblies (807ms)
		RebuildTransferFunctionScriptingTraits (0ms)
		AnalyzeDomain (990ms)
			TypeCache.Refresh (985ms)
				TypeCache.ScanAssembly (943ms)
			BuildScriptInfoCaches (1ms)
			ResolveRequiredComponents (1ms)
	FinalizeReload (2025ms)
		ReleaseScriptCaches (0ms)
		RebuildScriptCaches (0ms)
		SetupLoadedEditorAssemblies (1841ms)
			LogAssemblyErrors (0ms)
			InitializePlatformSupportModulesInManaged (321ms)
			SetLoadedEditorAssemblies (22ms)
			BeforeProcessingInitializeOnLoad (418ms)
			ProcessInitializeOnLoadAttributes (787ms)
			ProcessInitializeOnLoadMethodAttributes (292ms)
			AfterProcessingInitializeOnLoad (0ms)
			EditorAssembliesLoaded (0ms)
		ExecutionOrderSort2 (0ms)
		AwakeInstancesAfterBackupRestoration (0ms)
========================================================================
Worker process is ready to serve import requests
Import Worker Mode flag is 0x00
Begin MonoManager ReloadAssembly
[Licensing::Client] Successfully resolved entitlement details
[Licensing::Module] License group:
  Id: 2475882935443-UnityPersXXXX
  Product: Unity Personal
  Type: Assigned
  Expiration: Unlimited
- Loaded All Assemblies, in  2.391 seconds
Refreshing native plugins compatible for Editor in 5.48 ms, found 2 plugins.
Native extension for WindowsStandalone target not found
Native extension for WebGL target not found
Package Manager log level set to [2]
[Package Manager] Failed to launch server process. Reason: Unity was launched with the -noUpm command-line argument
[Package Manager] Unable to send message (not connected to server process).
[Package Manager] Cannot connect to Unity Package Manager local server
Mono: successfully reloaded assembly
- Finished resetting the current domain, in  3.311 seconds
Domain Reload Profiling: 5690ms
	BeginReloadAssembly (820ms)
		ExecutionOrderSort (0ms)
		DisableScriptedObjects (43ms)
		BackupInstance (0ms)
		ReleaseScriptingObjects (0ms)
		CreateAndSetChildDomain (131ms)
	RebuildCommonClasses (171ms)
	RebuildNativeTypeToScriptingClass (48ms)
	initialDomainReloadingComplete (187ms)
	LoadAllAssembliesAndSetupDomain (1152ms)
		LoadAssemblies (1185ms)
		RebuildTransferFunctionScriptingTraits (0ms)
		AnalyzeDomain (389ms)
			TypeCache.Refresh (305ms)
				TypeCache.ScanAssembly (274ms)
			BuildScriptInfoCaches (66ms)
			ResolveRequiredComponents (9ms)
	FinalizeReload (3313ms)
		ReleaseScriptCaches (0ms)
		RebuildScriptCaches (0ms)
		SetupLoadedEditorAssemblies (2701ms)
			LogAssemblyErrors (0ms)
			InitializePlatformSupportModulesInManaged (21ms)
			SetLoadedEditorAssemblies (32ms)
			BeforeProcessingInitializeOnLoad (536ms)
			ProcessInitializeOnLoadAttributes (1960ms)
			ProcessInitializeOnLoadMethodAttributes (124ms)
			AfterProcessingInitializeOnLoad (27ms)
			EditorAssembliesLoaded (1ms)
		ExecutionOrderSort2 (0ms)
		AwakeInstancesAfterBackupRestoration (30ms)
Launched and connected shader compiler UnityShaderCompiler.exe after 0.07 seconds
Refreshing native plugins compatible for Editor in 3.91 ms, found 2 plugins.
Preloading 0 native plugins for Editor in 0.00 ms.
Unloading 0 Unused Serialized files (Serialized files now loaded: 0)
Unloading 1783 unused Assets / (424.1 KB). Loaded Objects now: 2302.
Memory consumption went from 78.1 MB to 77.7 MB.
Total: 23.904300 ms (FindLiveObjects: 0.762300 ms CreateObjectMapping: 0.366500 ms MarkObjects: 21.361700 ms  DeleteObjects: 1.408700 ms)

========================================================================
Received Import Request.
  Time since last request: 81583.149845 seconds.
  path: Assets/Free Particle Assets/Cartoon FX Remaster/CFXR Assets/Graphics/cfxr fire circle crisp hdr ab.mat
  artifactKey: Guid(3dacf7558eb39c44990dc773a3c06cc6) Importer(815301076,1909f56bfc062723c751e8b465ee728b)
Start importing Assets/Free Particle Assets/Cartoon FX Remaster/CFXR Assets/Graphics/cfxr fire circle crisp hdr ab.mat using Guid(3dacf7558eb39c44990dc773a3c06cc6) Importer(815301076,1909f56bfc062723c751e8b465ee728b) (PreviewImporter) -> (artifact id: '435eebfef2731fdf8a8212d303eb0922') in 0.9852317 seconds
Number of updated asset objects reloaded before import = 0Number of asset objects unloaded after import = 3

========================================================================
Received Import Request.
  Time since last request: 0.000186 seconds.
  path: Assets/Free Particle Assets/Cartoon FX Remaster/CFXR Assets/Graphics/cfxr flamme blur mid fine hdr ab.mat
  artifactKey: Guid(2925b559433ea934aa621370ff411a6b) Importer(815301076,1909f56bfc062723c751e8b465ee728b)
Start importing Assets/Free Particle Assets/Cartoon FX Remaster/CFXR Assets/Graphics/cfxr flamme blur mid fine hdr ab.mat using Guid(2925b559433ea934aa621370ff411a6b) Importer(815301076,1909f56bfc062723c751e8b465ee728b) (PreviewImporter) -> (artifact id: 'fb6db5959e157ec2e48f01f348c3535e') in 0.1279097 seconds
Number of updated asset objects reloaded before import = 0Number of asset objects unloaded after import = 3

========================================================================
Received Import Request.
  Time since last request: 0.000090 seconds.
  path: Assets/Free Particle Assets/Cartoon FX Remaster/CFXR Assets/Graphics/cfxr fire small anim blurred hdr ab.mat
  artifactKey: Guid(9fd7b93f5b2bb4340b23ceb8bf5f8ad9) Importer(815301076,1909f56bfc062723c751e8b465ee728b)
Start importing Assets/Free Particle Assets/Cartoon FX Remaster/CFXR Assets/Graphics/cfxr fire small anim blurred hdr ab.mat using Guid(9fd7b93f5b2bb4340b23ceb8bf5f8ad9) Importer(815301076,1909f56bfc062723c751e8b465ee728b) (PreviewImporter) -> (artifact id: '94c249b654a51331df53c1cda6ea3394') in 0.0453201 seconds
Number of updated asset objects reloaded before import = 0Number of asset objects unloaded after import = 2

========================================================================
Received Import Request.
  Time since last request: 0.000092 seconds.
  path: Assets/Free Particle Assets/Cartoon FX Remaster/CFXR Assets/Graphics/cfxr flamme blur unstable fine hdr ab.mat
  artifactKey: Guid(832254a1e17e6d242922c401632ff9cd) Importer(815301076,1909f56bfc062723c751e8b465ee728b)
Start importing Assets/Free Particle Assets/Cartoon FX Remaster/CFXR Assets/Graphics/cfxr flamme blur unstable fine hdr ab.mat using Guid(832254a1e17e6d242922c401632ff9cd) Importer(815301076,1909f56bfc062723c751e8b465ee728b) (PreviewImporter) -> (artifact id: 'a16ca570355fae1e9e9a6987eb1403aa') in 0.0422689 seconds
Number of updated asset objects reloaded before import = 0Number of asset objects unloaded after import = 3

========================================================================
Received Import Request.
  Time since last request: 9.974196 seconds.
  path: Assets/Free Particle Assets/Cartoon FX Remaster/CFXR Assets/Graphics/cfxr flamme plain mid fine hdr ab.mat
  artifactKey: Guid(e00e5f048f949bc4dac1b85325a691bf) Importer(815301076,1909f56bfc062723c751e8b465ee728b)
Start importing Assets/Free Particle Assets/Cartoon FX Remaster/CFXR Assets/Graphics/cfxr flamme plain mid fine hdr ab.mat using Guid(e00e5f048f949bc4dac1b85325a691bf) Importer(815301076,1909f56bfc062723c751e8b465ee728b) (PreviewImporter) -> (artifact id: '7c92e030589e69a54d03289fa2d61cd3') in 0.0670809 seconds
Number of updated asset objects reloaded before import = 0Number of asset objects unloaded after import = 3

========================================================================
Received Import Request.
  Time since last request: 0.000103 seconds.
  path: Assets/Free Particle Assets/Cartoon FX Remaster/CFXR Assets/Graphics/cfxr ghost trail add.mat
  artifactKey: Guid(c965a6802e32f5847ad2bc4342b74778) Importer(815301076,1909f56bfc062723c751e8b465ee728b)
Start importing Assets/Free Particle Assets/Cartoon FX Remaster/CFXR Assets/Graphics/cfxr ghost trail add.mat using Guid(c965a6802e32f5847ad2bc4342b74778) Importer(815301076,1909f56bfc062723c751e8b465ee728b) (PreviewImporter) -> (artifact id: '2582f95b5c9488957282d190b6c6a86a') in 0.0556281 seconds
Number of updated asset objects reloaded before import = 0Number of asset objects unloaded after import = 2

========================================================================
Received Import Request.
  Time since last request: 0.000156 seconds.
  path: Assets/Free Particle Assets/Cartoon FX Remaster/CFXR Assets/Graphics/cfxr flare add.mat
  artifactKey: Guid(30c41c686541ab64bb4c79d84567f3ed) Importer(815301076,1909f56bfc062723c751e8b465ee728b)
Start importing Assets/Free Particle Assets/Cartoon FX Remaster/CFXR Assets/Graphics/cfxr flare add.mat using Guid(30c41c686541ab64bb4c79d84567f3ed) Importer(815301076,1909f56bfc062723c751e8b465ee728b) (PreviewImporter) -> (artifact id: '8c71d1ca04576e5d988a679e119c980d') in 0.0485875 seconds
Number of updated asset objects reloaded before import = 0Number of asset objects unloaded after import = 2

========================================================================
Received Import Request.
  Time since last request: 0.000100 seconds.
  path: Assets/Free Particle Assets/Cartoon FX Remaster/CFXR Assets/Graphics/cfxr fly anim.mat
  artifactKey: Guid(71ef950d76e4a6149b53e2136eaf4b2c) Importer(815301076,1909f56bfc062723c751e8b465ee728b)
Start importing Assets/Free Particle Assets/Cartoon FX Remaster/CFXR Assets/Graphics/cfxr fly anim.mat using Guid(71ef950d76e4a6149b53e2136eaf4b2c) Importer(815301076,1909f56bfc062723c751e8b465ee728b) (PreviewImporter) -> (artifact id: '727d580319e0f56681ef9510167844ed') in 0.0889375 seconds
Number of updated asset objects reloaded before import = 0Number of asset objects unloaded after import = 2

========================================================================
Received Import Request.
  Time since last request: 0.000089 seconds.
  path: Assets/Free Particle Assets/Cartoon FX Remaster/CFXR Assets/Graphics/cfxr leave a ab lit normal.mat
  artifactKey: Guid(80eaf5e9f1028e04b87ba508cb40858f) Importer(815301076,1909f56bfc062723c751e8b465ee728b)
Start importing Assets/Free Particle Assets/Cartoon FX Remaster/CFXR Assets/Graphics/cfxr leave a ab lit normal.mat using Guid(80eaf5e9f1028e04b87ba508cb40858f) Importer(815301076,1909f56bfc062723c751e8b465ee728b) (PreviewImporter) -> (artifact id: 'dfb9a06462bedde940c85a2fece8389b') in 0.1503996 seconds
Number of updated asset objects reloaded before import = 0Number of asset objects unloaded after import = 3

========================================================================
Received Import Request.
  Time since last request: 0.139763 seconds.
  path: Assets/Free Particle Assets/Cartoon FX Remaster/CFXR Assets/Graphics/cfxr leave b ab lit normal.mat
  artifactKey: Guid(003c1ad2de9b7564795d3236f6794b7c) Importer(815301076,1909f56bfc062723c751e8b465ee728b)
Start importing Assets/Free Particle Assets/Cartoon FX Remaster/CFXR Assets/Graphics/cfxr leave b ab lit normal.mat using Guid(003c1ad2de9b7564795d3236f6794b7c) Importer(815301076,1909f56bfc062723c751e8b465ee728b) (PreviewImporter) -> (artifact id: '7807b950f7ed3fd2d8bbc69bdbf5650a') in 0.0820824 seconds
Number of updated asset objects reloaded before import = 0Number of asset objects unloaded after import = 3

========================================================================
Received Import Request.
  Time since last request: 0.000123 seconds.
  path: Assets/Free Particle Assets/Cartoon FX Remaster/CFXR Assets/Graphics/cfxr line loop electric hdr ab.mat
  artifactKey: Guid(75be7a7b742586840beb0b9c8ce4b273) Importer(815301076,1909f56bfc062723c751e8b465ee728b)
Start importing Assets/Free Particle Assets/Cartoon FX Remaster/CFXR Assets/Graphics/cfxr line loop electric hdr ab.mat using Guid(75be7a7b742586840beb0b9c8ce4b273) Importer(815301076,1909f56bfc062723c751e8b465ee728b) (PreviewImporter) -> (artifact id: '9979c89870f8a8674dd1455dc1832b5e') in 0.0863476 seconds
Number of updated asset objects reloaded before import = 0Number of asset objects unloaded after import = 2

========================================================================
Received Import Request.
  Time since last request: 5.856223 seconds.
  path: Assets/Free Particle Assets/Cartoon FX Remaster/CFXR Assets/Graphics/cfxr petal pink x4 ab lit normal.mat
  artifactKey: Guid(b8466bb13bf17094d8bf1afdc8e05072) Importer(815301076,1909f56bfc062723c751e8b465ee728b)
Start importing Assets/Free Particle Assets/Cartoon FX Remaster/CFXR Assets/Graphics/cfxr petal pink x4 ab lit normal.mat using Guid(b8466bb13bf17094d8bf1afdc8e05072) Importer(815301076,1909f56bfc062723c751e8b465ee728b) (PreviewImporter) -> (artifact id: 'bda9f791efdee63bc419cb8cbe7047be') in 0.090659 seconds
Number of updated asset objects reloaded before import = 0Number of asset objects unloaded after import = 3

========================================================================
Received Import Request.
  Time since last request: 0.000089 seconds.
  path: Assets/Free Particle Assets/Cartoon FX Remaster/CFXR Assets/Graphics/cfxr proc glow soft invert add nosp.mat
  artifactKey: Guid(9e1ad496c3904bd4085bb4f0a5db972d) Importer(815301076,1909f56bfc062723c751e8b465ee728b)
Start importing Assets/Free Particle Assets/Cartoon FX Remaster/CFXR Assets/Graphics/cfxr proc glow soft invert add nosp.mat using Guid(9e1ad496c3904bd4085bb4f0a5db972d) Importer(815301076,1909f56bfc062723c751e8b465ee728b) (PreviewImporter) -> (artifact id: 'a5eb9079a6eca7c180234d18b7ababfb') in 0.0788515 seconds
Number of updated asset objects reloaded before import = 0Number of asset objects unloaded after import = 1

========================================================================
Received Import Request.
  Time since last request: 0.000300 seconds.
  path: Assets/Free Particle Assets/Cartoon FX Remaster/CFXR Assets/Graphics/cfxr proc glow soft invert ab.mat
  artifactKey: Guid(b8ec7a237c4ca3645bc1bac3fa060a69) Importer(815301076,1909f56bfc062723c751e8b465ee728b)
Start importing Assets/Free Particle Assets/Cartoon FX Remaster/CFXR Assets/Graphics/cfxr proc glow soft invert ab.mat using Guid(b8ec7a237c4ca3645bc1bac3fa060a69) Importer(815301076,1909f56bfc062723c751e8b465ee728b) (PreviewImporter) -> (artifact id: 'd86c310ba93a52c4aad5c2ae0c841c1f') in 0.2843094 seconds
Number of updated asset objects reloaded before import = 0Number of asset objects unloaded after import = 1

========================================================================
Received Import Request.
  Time since last request: 3.061202 seconds.
  path: Assets/Free Particle Assets/Cartoon FX Remaster/CFXR Assets/Graphics/cfxr proc glow soft invert hdr ab.mat
  artifactKey: Guid(fb6da5b571861ca488a6dc05de02c74e) Importer(815301076,1909f56bfc062723c751e8b465ee728b)
Start importing Assets/Free Particle Assets/Cartoon FX Remaster/CFXR Assets/Graphics/cfxr proc glow soft invert hdr ab.mat using Guid(fb6da5b571861ca488a6dc05de02c74e) Importer(815301076,1909f56bfc062723c751e8b465ee728b) (PreviewImporter) -> (artifact id: '1d2b4e36508ceace603e6d35ec814c45') in 0.0350236 seconds
Number of updated asset objects reloaded before import = 0Number of asset objects unloaded after import = 1

========================================================================
Received Import Request.
  Time since last request: 0.000364 seconds.
  path: Assets/Free Particle Assets/Cartoon FX Remaster/CFXR Assets/Graphics/cfxr proc ring add.mat
  artifactKey: Guid(f99a4d6e0727b6c47b5a03d567bbcf75) Importer(815301076,1909f56bfc062723c751e8b465ee728b)
Start importing Assets/Free Particle Assets/Cartoon FX Remaster/CFXR Assets/Graphics/cfxr proc ring add.mat using Guid(f99a4d6e0727b6c47b5a03d567bbcf75) Importer(815301076,1909f56bfc062723c751e8b465ee728b) (PreviewImporter) -> (artifact id: '5fcf9a7f9e7a760db12ac82ae7185490') in 0.0785861 seconds
Number of updated asset objects reloaded before import = 0Number of asset objects unloaded after import = 1

========================================================================
Received Import Request.
  Time since last request: 0.000093 seconds.
  path: Assets/Free Particle Assets/Cartoon FX Remaster/CFXR Assets/Graphics/cfxr proc ring hdr ab.mat
  artifactKey: Guid(a81df4963508f8c4e9c854c919c93b67) Importer(815301076,1909f56bfc062723c751e8b465ee728b)
Start importing Assets/Free Particle Assets/Cartoon FX Remaster/CFXR Assets/Graphics/cfxr proc ring hdr ab.mat using Guid(a81df4963508f8c4e9c854c919c93b67) Importer(815301076,1909f56bfc062723c751e8b465ee728b) (PreviewImporter) -> (artifact id: '03abd634ed6ead9d5faee29ecbb68550') in 0.0432107 seconds
Number of updated asset objects reloaded before import = 0Number of asset objects unloaded after import = 1

========================================================================
Received Import Request.
  Time since last request: 0.000083 seconds.
  path: Assets/Free Particle Assets/Cartoon FX Remaster/CFXR Assets/Graphics/cfxr proc ring local space hdr ab.mat
  artifactKey: Guid(851a3f25e203f584bbe9dea88fc580a4) Importer(815301076,1909f56bfc062723c751e8b465ee728b)
Start importing Assets/Free Particle Assets/Cartoon FX Remaster/CFXR Assets/Graphics/cfxr proc ring local space hdr ab.mat using Guid(851a3f25e203f584bbe9dea88fc580a4) Importer(815301076,1909f56bfc062723c751e8b465ee728b) (PreviewImporter) -> (artifact id: '650affa3d9c7614b6d145a7e52bf1d62') in 0.087279 seconds
Number of updated asset objects reloaded before import = 0Number of asset objects unloaded after import = 1

========================================================================
Received Import Request.
  Time since last request: 0.000398 seconds.
  path: Assets/Free Particle Assets/Cartoon FX Remaster/CFXR Assets/Graphics/cfxr proc ring water ripple local space arc ab.mat
  artifactKey: Guid(95769915f5c8ef14a924fa707fea6761) Importer(815301076,1909f56bfc062723c751e8b465ee728b)
Start importing Assets/Free Particle Assets/Cartoon FX Remaster/CFXR Assets/Graphics/cfxr proc ring water ripple local space arc ab.mat using Guid(95769915f5c8ef14a924fa707fea6761) Importer(815301076,1909f56bfc062723c751e8b465ee728b) (PreviewImporter) -> (artifact id: 'fb411f55dcb90d4c3b1cb337a33ab731') in 0.0950621 seconds
Number of updated asset objects reloaded before import = 0Number of asset objects unloaded after import = 2

========================================================================
Received Import Request.
  Time since last request: 0.000076 seconds.
  path: Assets/Free Particle Assets/Cartoon FX Remaster/CFXR Assets/Graphics/cfxr proc ring local space partial ab.mat
  artifactKey: Guid(d33b4e9cb7fcd474c99d6762456a3d92) Importer(815301076,1909f56bfc062723c751e8b465ee728b)
Start importing Assets/Free Particle Assets/Cartoon FX Remaster/CFXR Assets/Graphics/cfxr proc ring local space partial ab.mat using Guid(d33b4e9cb7fcd474c99d6762456a3d92) Importer(815301076,1909f56bfc062723c751e8b465ee728b) (PreviewImporter) -> (artifact id: '061b956002be597c91969758c4effb2b') in 0.0674918 seconds
Number of updated asset objects reloaded before import = 0Number of asset objects unloaded after import = 2

========================================================================
Received Import Request.
  Time since last request: 0.000088 seconds.
  path: Assets/Free Particle Assets/Cartoon FX Remaster/CFXR Assets/Graphics/cfxr proc ring electric hdr ab.mat
  artifactKey: Guid(63106879cfd3c96478c2feec3fcb4c4a) Importer(815301076,1909f56bfc062723c751e8b465ee728b)
Start importing Assets/Free Particle Assets/Cartoon FX Remaster/CFXR Assets/Graphics/cfxr proc ring electric hdr ab.mat using Guid(63106879cfd3c96478c2feec3fcb4c4a) Importer(815301076,1909f56bfc062723c751e8b465ee728b) (PreviewImporter) -> (artifact id: 'd180acd65a33a33e0c1861d535185f04') in 0.0370969 seconds
Number of updated asset objects reloaded before import = 0Number of asset objects unloaded after import = 2

========================================================================
Received Import Request.
  Time since last request: 0.000068 seconds.
  path: Assets/Free Particle Assets/Cartoon FX Remaster/CFXR Assets/Graphics/cfxr proc ring ice hdr ab.mat
  artifactKey: Guid(6645e3e6774e3ea468774208c1569b29) Importer(815301076,1909f56bfc062723c751e8b465ee728b)
Start importing Assets/Free Particle Assets/Cartoon FX Remaster/CFXR Assets/Graphics/cfxr proc ring ice hdr ab.mat using Guid(6645e3e6774e3ea468774208c1569b29) Importer(815301076,1909f56bfc062723c751e8b465ee728b) (PreviewImporter) -> (artifact id: '04da291bde815ccf0924d0fa81f04cc0') in 0.0834145 seconds
Number of updated asset objects reloaded before import = 0Number of asset objects unloaded after import = 2

========================================================================
Received Import Request.
  Time since last request: 0.000138 seconds.
  path: Assets/Free Particle Assets/Cartoon FX Remaster/CFXR Assets/Graphics/cfxr proc glow soft p4 add nosp.mat
  artifactKey: Guid(b5d24f24a809168479fdfa62ee80f803) Importer(815301076,1909f56bfc062723c751e8b465ee728b)
Start importing Assets/Free Particle Assets/Cartoon FX Remaster/CFXR Assets/Graphics/cfxr proc glow soft p4 add nosp.mat using Guid(b5d24f24a809168479fdfa62ee80f803) Importer(815301076,1909f56bfc062723c751e8b465ee728b) (PreviewImporter) -> (artifact id: '875d16845b305aab514fe46521664b61') in 0.057297 seconds
Number of updated asset objects reloaded before import = 0Number of asset objects unloaded after import = 1

========================================================================
Received Import Request.
  Time since last request: 0.000092 seconds.
  path: Assets/Free Particle Assets/Cartoon FX Remaster/CFXR Assets/Graphics/cfxr puddle dissolve soft ab.mat
  artifactKey: Guid(8bbcb67e3b86fe64f9cf425aad7e9404) Importer(815301076,1909f56bfc062723c751e8b465ee728b)
Start importing Assets/Free Particle Assets/Cartoon FX Remaster/CFXR Assets/Graphics/cfxr puddle dissolve soft ab.mat using Guid(8bbcb67e3b86fe64f9cf425aad7e9404) Importer(815301076,1909f56bfc062723c751e8b465ee728b) (PreviewImporter) -> (artifact id: '91e48d50837b0f1cae0197d216d3c39e') in 0.3167767 seconds
Number of updated asset objects reloaded before import = 0Number of asset objects unloaded after import = 3

========================================================================
Received Import Request.
  Time since last request: 6.319314 seconds.
  path: Assets/Free Particle Assets/Cartoon FX Remaster/CFXR Assets/Graphics/cfxr ring spikes revert hdr ab.mat
  artifactKey: Guid(b5e165bd20254774d84be998858676af) Importer(815301076,1909f56bfc062723c751e8b465ee728b)
Start importing Assets/Free Particle Assets/Cartoon FX Remaster/CFXR Assets/Graphics/cfxr ring spikes revert hdr ab.mat using Guid(b5e165bd20254774d84be998858676af) Importer(815301076,1909f56bfc062723c751e8b465ee728b) (PreviewImporter) -> (artifact id: '548a7858d73a9e20ff9a2cfa16203c62') in 0.1190194 seconds
Number of updated asset objects reloaded before import = 0Number of asset objects unloaded after import = 3

========================================================================
Received Import Request.
  Time since last request: 0.000128 seconds.
  path: Assets/Free Particle Assets/Cartoon FX Remaster/CFXR Assets/Graphics/cfxr screen distortion ring nosp.mat
  artifactKey: Guid(37976d5d4486ae547867ea7ea8e80356) Importer(815301076,1909f56bfc062723c751e8b465ee728b)
Start importing Assets/Free Particle Assets/Cartoon FX Remaster/CFXR Assets/Graphics/cfxr screen distortion ring nosp.mat using Guid(37976d5d4486ae547867ea7ea8e80356) Importer(815301076,1909f56bfc062723c751e8b465ee728b) (PreviewImporter) -> (artifact id: '0d202460781dcdb19cf6ee8dd4a02b26') in 0.054769 seconds
Number of updated asset objects reloaded before import = 0Number of asset objects unloaded after import = 2

========================================================================
Received Import Request.
  Time since last request: 1.351045 seconds.
  path: Assets/Free Particle Assets/Cartoon FX Remaster/CFXR Assets/Graphics/cfxr skull 2 dissolve ab.mat
  artifactKey: Guid(bfd324e65db2ae141bc4247a0d100a8a) Importer(815301076,1909f56bfc062723c751e8b465ee728b)
Start importing Assets/Free Particle Assets/Cartoon FX Remaster/CFXR Assets/Graphics/cfxr skull 2 dissolve ab.mat using Guid(bfd324e65db2ae141bc4247a0d100a8a) Importer(815301076,1909f56bfc062723c751e8b465ee728b) (PreviewImporter) -> (artifact id: 'ac65e1b792d788a19f8aa334a6940646') in 0.2213986 seconds
Number of updated asset objects reloaded before import = 0Number of asset objects unloaded after import = 3

========================================================================
Received Import Request.
  Time since last request: 4.177051 seconds.
  path: Assets/Free Particle Assets/Cartoon FX Remaster/CFXR Assets/Graphics/cfxr smiley happy ab.mat
  artifactKey: Guid(369528a8e86340647aa15194b2aee375) Importer(815301076,1909f56bfc062723c751e8b465ee728b)
Start importing Assets/Free Particle Assets/Cartoon FX Remaster/CFXR Assets/Graphics/cfxr smiley happy ab.mat using Guid(369528a8e86340647aa15194b2aee375) Importer(815301076,1909f56bfc062723c751e8b465ee728b) (PreviewImporter) -> (artifact id: 'd916a508a3750a5e1340e0fad9f938c9') in 0.0323049 seconds
Number of updated asset objects reloaded before import = 0Number of asset objects unloaded after import = 2

========================================================================
Received Import Request.
  Time since last request: 0.000060 seconds.
  path: Assets/Free Particle Assets/Cartoon FX Remaster/CFXR Assets/Graphics/cfxr smoke cloud x4 ab lit soft individual.mat
  artifactKey: Guid(75bda02c67d09b04399d1912243a32b2) Importer(815301076,1909f56bfc062723c751e8b465ee728b)
Start importing Assets/Free Particle Assets/Cartoon FX Remaster/CFXR Assets/Graphics/cfxr smoke cloud x4 ab lit soft individual.mat using Guid(75bda02c67d09b04399d1912243a32b2) Importer(815301076,1909f56bfc062723c751e8b465ee728b) (PreviewImporter) -> (artifact id: '10098db8ad580ef7f5da05da8ff92682') in 0.0652495 seconds
Number of updated asset objects reloaded before import = 0Number of asset objects unloaded after import = 3

========================================================================
Received Import Request.
  Time since last request: 0.000103 seconds.
  path: Assets/Free Particle Assets/Cartoon FX Remaster/CFXR Assets/Graphics/cfxr smoke cloud x4 ab lit soft.mat
  artifactKey: Guid(e2bdf77339f206246b012880ccbdf189) Importer(815301076,1909f56bfc062723c751e8b465ee728b)
Start importing Assets/Free Particle Assets/Cartoon FX Remaster/CFXR Assets/Graphics/cfxr smoke cloud x4 ab lit soft.mat using Guid(e2bdf77339f206246b012880ccbdf189) Importer(815301076,1909f56bfc062723c751e8b465ee728b) (PreviewImporter) -> (artifact id: '2864151d0a76c88fa8a3031e0c20175d') in 0.0605915 seconds
Number of updated asset objects reloaded before import = 0Number of asset objects unloaded after import = 3

========================================================================
Received Import Request.
  Time since last request: 0.000110 seconds.
  path: Assets/Free Particle Assets/Cartoon FX Remaster/CFXR Assets/Graphics/cfxr smoke cloud x4 ab lit crisp.mat
  artifactKey: Guid(7a76fd099da21c04eb9cf9233c27d709) Importer(815301076,1909f56bfc062723c751e8b465ee728b)
Start importing Assets/Free Particle Assets/Cartoon FX Remaster/CFXR Assets/Graphics/cfxr smoke cloud x4 ab lit crisp.mat using Guid(7a76fd099da21c04eb9cf9233c27d709) Importer(815301076,1909f56bfc062723c751e8b465ee728b) (PreviewImporter) -> (artifact id: 'b295da6241874d9822a66d9486c9d6d5') in 0.0503145 seconds
Number of updated asset objects reloaded before import = 0Number of asset objects unloaded after import = 3

========================================================================
Received Import Request.
  Time since last request: 0.000133 seconds.
  path: Assets/Free Particle Assets/Cartoon FX Remaster/CFXR Assets/Graphics/cfxr smoke cloud x4 hdr ab.mat
  artifactKey: Guid(5df4345cfe22e7a459953f7b80823e19) Importer(815301076,1909f56bfc062723c751e8b465ee728b)
Start importing Assets/Free Particle Assets/Cartoon FX Remaster/CFXR Assets/Graphics/cfxr smoke cloud x4 hdr ab.mat using Guid(5df4345cfe22e7a459953f7b80823e19) Importer(815301076,1909f56bfc062723c751e8b465ee728b) (PreviewImporter) -> (artifact id: '10c4fe92dff4f4466ebe0c96dca0714c') in 0.0474737 seconds
Number of updated asset objects reloaded before import = 0Number of asset objects unloaded after import = 3

========================================================================
Received Import Request.
  Time since last request: 0.000092 seconds.
  path: Assets/Free Particle Assets/Cartoon FX Remaster/CFXR Assets/Graphics/cfxr smoke cloud x4 ab lit soft individual mid shadow.mat
  artifactKey: Guid(6444139dd170a7249acc68e412bfd00f) Importer(815301076,1909f56bfc062723c751e8b465ee728b)
Start importing Assets/Free Particle Assets/Cartoon FX Remaster/CFXR Assets/Graphics/cfxr smoke cloud x4 ab lit soft individual mid shadow.mat using Guid(6444139dd170a7249acc68e412bfd00f) Importer(815301076,1909f56bfc062723c751e8b465ee728b) (PreviewImporter) -> (artifact id: 'a436029bb41d180c23e7c60ba3980b5a') in 0.1047923 seconds
Number of updated asset objects reloaded before import = 0Number of asset objects unloaded after import = 3

========================================================================
Received Import Request.
  Time since last request: 0.000089 seconds.
  path: Assets/Free Particle Assets/Cartoon FX Remaster/CFXR Assets/Graphics/cfxr smoke cloud x4 ab lit soft individual bright shadow.mat
  artifactKey: Guid(2cb5eb823b3ed694da756f5a2070e45d) Importer(815301076,1909f56bfc062723c751e8b465ee728b)
Start importing Assets/Free Particle Assets/Cartoon FX Remaster/CFXR Assets/Graphics/cfxr smoke cloud x4 ab lit soft individual bright shadow.mat using Guid(2cb5eb823b3ed694da756f5a2070e45d) Importer(815301076,1909f56bfc062723c751e8b465ee728b) (PreviewImporter) -> (artifact id: '8b3ba2f639139b7f0db946cb5308e9b7') in 0.0869979 seconds
Number of updated asset objects reloaded before import = 0Number of asset objects unloaded after import = 3

========================================================================
Received Import Request.
  Time since last request: 2.507443 seconds.
  path: Assets/Free Particle Assets/Cartoon FX Remaster/CFXR Assets/Graphics/cfxr spikes half impact hdr ab.mat
  artifactKey: Guid(82c96ba0983dc1a40b9a0e835c34e75f) Importer(815301076,1909f56bfc062723c751e8b465ee728b)
Start importing Assets/Free Particle Assets/Cartoon FX Remaster/CFXR Assets/Graphics/cfxr spikes half impact hdr ab.mat using Guid(82c96ba0983dc1a40b9a0e835c34e75f) Importer(815301076,1909f56bfc062723c751e8b465ee728b) (PreviewImporter) -> (artifact id: '6d327d933f62c506fc88eb0b8c836778') in 0.0393802 seconds
Number of updated asset objects reloaded before import = 0Number of asset objects unloaded after import = 2

========================================================================
Received Import Request.
  Time since last request: 0.000132 seconds.
  path: Assets/Free Particle Assets/Cartoon FX Remaster/CFXR Assets/Graphics/cfxr spikes impact dissolve ab.mat
  artifactKey: Guid(3f0274981b7991749a3c2a25ef4ec527) Importer(815301076,1909f56bfc062723c751e8b465ee728b)
Start importing Assets/Free Particle Assets/Cartoon FX Remaster/CFXR Assets/Graphics/cfxr spikes impact dissolve ab.mat using Guid(3f0274981b7991749a3c2a25ef4ec527) Importer(815301076,1909f56bfc062723c751e8b465ee728b) (PreviewImporter) -> (artifact id: '6652618cec593b25a92aea8f28f6eaee') in 0.1967216 seconds
Number of updated asset objects reloaded before import = 0Number of asset objects unloaded after import = 3

========================================================================
Received Import Request.
  Time since last request: 17.266300 seconds.
  path: Assets/Free Particle Assets/Cartoon FX Remaster/CFXR Assets/Graphics/cfxr star blurred add.mat
  artifactKey: Guid(a4b2919529f88e345804ef0e7e13b9bf) Importer(815301076,1909f56bfc062723c751e8b465ee728b)
Start importing Assets/Free Particle Assets/Cartoon FX Remaster/CFXR Assets/Graphics/cfxr star blurred add.mat using Guid(a4b2919529f88e345804ef0e7e13b9bf) Importer(815301076,1909f56bfc062723c751e8b465ee728b) (PreviewImporter) -> (artifact id: 'f0f4161448f5caeee3e4aeb9f716b29c') in 0.0441998 seconds
Number of updated asset objects reloaded before import = 0Number of asset objects unloaded after import = 2

========================================================================
Received Import Request.
  Time since last request: 0.000472 seconds.
  path: Assets/Free Particle Assets/Cartoon FX Remaster/CFXR Assets/Graphics/cfxr stretch inv spike fade add.mat
  artifactKey: Guid(50350a9c0e5b6454d873d1984e97cde4) Importer(815301076,1909f56bfc062723c751e8b465ee728b)
Start importing Assets/Free Particle Assets/Cartoon FX Remaster/CFXR Assets/Graphics/cfxr stretch inv spike fade add.mat using Guid(50350a9c0e5b6454d873d1984e97cde4) Importer(815301076,1909f56bfc062723c751e8b465ee728b) (PreviewImporter) -> (artifact id: '6700551fdb78143a2c83d3aacc263993') in 0.0518078 seconds
Number of updated asset objects reloaded before import = 0Number of asset objects unloaded after import = 2

========================================================================
Received Import Request.
  Time since last request: 0.000188 seconds.
  path: Assets/Free Particle Assets/Cartoon FX Remaster/CFXR Assets/Graphics/cfxr stretch rain blur ab nosp.mat
  artifactKey: Guid(1907056c31c502d498df765288c92228) Importer(815301076,1909f56bfc062723c751e8b465ee728b)
Start importing Assets/Free Particle Assets/Cartoon FX Remaster/CFXR Assets/Graphics/cfxr stretch rain blur ab nosp.mat using Guid(1907056c31c502d498df765288c92228) Importer(815301076,1909f56bfc062723c751e8b465ee728b) (PreviewImporter) -> (artifact id: '7469dad72fac6d36a9a2cd1312e3ccaa') in 0.0416807 seconds
Number of updated asset objects reloaded before import = 0Number of asset objects unloaded after import = 2

========================================================================
Received Import Request.
  Time since last request: 9.390560 seconds.
  path: Assets/Free Particle Assets/Cartoon FX Remaster/CFXR Assets/Graphics/cfxr stretch ray blur add.mat
  artifactKey: Guid(131d5a2c82c6cbb469ab522af6fe9aff) Importer(815301076,1909f56bfc062723c751e8b465ee728b)
Start importing Assets/Free Particle Assets/Cartoon FX Remaster/CFXR Assets/Graphics/cfxr stretch ray blur add.mat using Guid(131d5a2c82c6cbb469ab522af6fe9aff) Importer(815301076,1909f56bfc062723c751e8b465ee728b) (PreviewImporter) -> (artifact id: '4d4cc2ae50d4383f8b023b8dcb10b27f') in 0.0668729 seconds
Number of updated asset objects reloaded before import = 0Number of asset objects unloaded after import = 2

========================================================================
Received Import Request.
  Time since last request: 0.000091 seconds.
  path: Assets/Free Particle Assets/Cartoon FX Remaster/CFXR Assets/Graphics/cfxr stretch rectangle ray blur add.mat
  artifactKey: Guid(0a760562f145a5643b3f7f0a60377141) Importer(815301076,1909f56bfc062723c751e8b465ee728b)
Start importing Assets/Free Particle Assets/Cartoon FX Remaster/CFXR Assets/Graphics/cfxr stretch rectangle ray blur add.mat using Guid(0a760562f145a5643b3f7f0a60377141) Importer(815301076,1909f56bfc062723c751e8b465ee728b) (PreviewImporter) -> (artifact id: '0fe893e16fd02427cbcc6ad983463178') in 0.0449527 seconds
Number of updated asset objects reloaded before import = 0Number of asset objects unloaded after import = 2

========================================================================
Received Import Request.
  Time since last request: 0.023175 seconds.
  path: Assets/Free Particle Assets/Cartoon FX Remaster/CFXR Assets/Graphics/cfxr stretch skull dissolve ab.mat
  artifactKey: Guid(160fda4affae1f44fbec73dc79ef43eb) Importer(815301076,1909f56bfc062723c751e8b465ee728b)
Start importing Assets/Free Particle Assets/Cartoon FX Remaster/CFXR Assets/Graphics/cfxr stretch skull dissolve ab.mat using Guid(160fda4affae1f44fbec73dc79ef43eb) Importer(815301076,1909f56bfc062723c751e8b465ee728b) (PreviewImporter) -> (artifact id: '9c1894ef2e0a19b3c31f4c09c1255db3') in 0.0380307 seconds
Number of updated asset objects reloaded before import = 0Number of asset objects unloaded after import = 3

========================================================================
Received Import Request.
  Time since last request: 0.000085 seconds.
  path: Assets/Free Particle Assets/Cartoon FX Remaster/CFXR Assets/Graphics/cfxr stretch spikes x2 hdr ab.mat
  artifactKey: Guid(7f1fea85f791b4f4b8fabff9da93491a) Importer(815301076,1909f56bfc062723c751e8b465ee728b)
Start importing Assets/Free Particle Assets/Cartoon FX Remaster/CFXR Assets/Graphics/cfxr stretch spikes x2 hdr ab.mat using Guid(7f1fea85f791b4f4b8fabff9da93491a) Importer(815301076,1909f56bfc062723c751e8b465ee728b) (PreviewImporter) -> (artifact id: 'a76070da2292b9366bafab05ca294dbc') in 0.047666 seconds
Number of updated asset objects reloaded before import = 0Number of asset objects unloaded after import = 3

Editor requested this worker to shutdown with reason: Scaling down because of idle timeout
AssetImportWorker is now disconnected from the server
Process exiting
Exiting without the bug reporter. Application will terminate with return code 0